[0m2021.07.09 00:49:34 INFO  Started: Metals version 0.10.4 in workspace '/Users/praisetompane/Documents/2_I_intend_to_be_a_great_computer_scientist/3_programming' for client Visual Studio Code 1.57.1.[0m
[0m2021.07.09 00:49:35 INFO  time: initialize in 1.13s[0m
[0m2021.07.09 00:49:35 WARN  Build server is not auto-connectable.[0m
[0m2021.07.09 00:49:35 WARN  no build tool detected in workspace '/Users/praisetompane/Documents/2_I_intend_to_be_a_great_computer_scientist/3_programming'. The most common cause for this problem is that the editor was opened in the wrong working directory, for example if you use sbt then the workspace directory should contain build.sbt. [0m
[0m2021.07.09 00:49:35 WARN  no build target for: /Users/praisetompane/Documents/2_I_intend_to_be_a_great_computer_scientist/3_programming/practice_problems/unsolved/latin-to-roman.scala[0m
[0m2021.07.09 00:49:38 INFO  no build target: using presentation compiler with only scala-library: 2.12.14[0m
Jul 09, 2021 12:49:40 AM scala.meta.internal.pc.CompilerAccess handleError
SEVERE: file%3A%2F%2F%2FUsers%2Fpraisetompane%2FDocuments%2F2_I_intend_to_be_a_great_computer_scientist%2F3_programming%2Fpractice_problems%2Funsolved%2Flatin-to-roman.scala:3: error: expected class or object definition val
val subtractRomans = Map(900 -> "CM",
^
file%3A%2F%2F%2FUsers%2Fpraisetompane%2FDocuments%2F2_I_intend_to_be_a_great_computer_scientist%2F3_programming%2Fpractice_problems%2Funsolved%2Flatin-to-roman.scala:3: error: expected class or object definition val
val subtractRomans = Map(900 -> "CM",
^
	at scala.meta.internal.parsers.Reporter.syntaxError(Reporter.scala:16)
	at scala.meta.internal.parsers.Reporter.syntaxError$(Reporter.scala:16)
	at scala.meta.internal.parsers.Reporter$$anon$1.syntaxError(Reporter.scala:22)
	at scala.meta.internal.parsers.Reporter.syntaxError(Reporter.scala:17)
	at scala.meta.internal.parsers.Reporter.syntaxError$(Reporter.scala:17)
	at scala.meta.internal.parsers.Reporter$$anon$1.syntaxError(Reporter.scala:22)
	at scala.meta.internal.parsers.ScalametaParser.statSeq(ScalametaParser.scala:4914)
	at scala.meta.internal.parsers.ScalametaParser.topStatSeq(ScalametaParser.scala:4921)
	at scala.meta.internal.parsers.ScalametaParser.$anonfun$batchSource$1(ScalametaParser.scala:5145)
	at scala.meta.internal.parsers.ScalametaParser.atPos(ScalametaParser.scala:847)
	at scala.meta.internal.parsers.ScalametaParser.autoPos(ScalametaParser.scala:878)
	at scala.meta.internal.parsers.ScalametaParser.batchSource(ScalametaParser.scala:5111)
	at scala.meta.internal.parsers.ScalametaParser.$anonfun$source$1(ScalametaParser.scala:5094)
	at scala.meta.internal.parsers.ScalametaParser.atPos(ScalametaParser.scala:847)
	at scala.meta.internal.parsers.ScalametaParser.autoPos(ScalametaParser.scala:878)
	at scala.meta.internal.parsers.ScalametaParser.source(ScalametaParser.scala:5093)
	at scala.meta.internal.parsers.ScalametaParser.entrypointSource(ScalametaParser.scala:5099)
	at scala.meta.internal.parsers.ScalametaParser.$anonfun$parseSource$2(ScalametaParser.scala:143)
	at scala.meta.internal.parsers.ScalametaParser.parseRule(ScalametaParser.scala:53)
	at scala.meta.internal.parsers.ScalametaParser.parseSource(ScalametaParser.scala:143)
	at scala.meta.parsers.Parse$.$anonfun$parseSource$1(Parse.scala:29)
	at scala.meta.internal.parsers.ScalametaParser$$anon$261.apply(ScalametaParser.scala:5156)
	at scala.meta.parsers.Api$XtensionParseDialectInput.parse(Api.scala:25)
	at scala.meta.internal.semanticdb.scalac.ParseOps$XtensionCompilationUnitSource.toSource(ParseOps.scala:17)
	at scala.meta.internal.semanticdb.scalac.TextDocumentOps$XtensionCompilationUnitDocument.toTextDocument(TextDocumentOps.scala:201)
	at scala.meta.internal.pc.SemanticdbTextDocumentProvider.textDocument(SemanticdbTextDocumentProvider.scala:51)

Jul 09, 2021 12:49:40 AM scala.meta.internal.pc.CompilerAccess handleError
SEVERE: file%3A%2F%2F%2FUsers%2Fpraisetompane%2FDocuments%2F2_I_intend_to_be_a_great_computer_scientist%2F3_programming%2Fpractice_problems%2Funsolved%2Flatin-to-roman.scala:3: error: expected class or object definition val
val subtractRomans = Map(900 -> "CM",
^
file%3A%2F%2F%2FUsers%2Fpraisetompane%2FDocuments%2F2_I_intend_to_be_a_great_computer_scientist%2F3_programming%2Fpractice_problems%2Funsolved%2Flatin-to-roman.scala:3: error: expected class or object definition val
val subtractRomans = Map(900 -> "CM",
^
	at scala.meta.internal.parsers.Reporter.syntaxError(Reporter.scala:16)
	at scala.meta.internal.parsers.Reporter.syntaxError$(Reporter.scala:16)
	at scala.meta.internal.parsers.Reporter$$anon$1.syntaxError(Reporter.scala:22)
	at scala.meta.internal.parsers.Reporter.syntaxError(Reporter.scala:17)
	at scala.meta.internal.parsers.Reporter.syntaxError$(Reporter.scala:17)
	at scala.meta.internal.parsers.Reporter$$anon$1.syntaxError(Reporter.scala:22)
	at scala.meta.internal.parsers.ScalametaParser.statSeq(ScalametaParser.scala:4914)
	at scala.meta.internal.parsers.ScalametaParser.topStatSeq(ScalametaParser.scala:4921)
	at scala.meta.internal.parsers.ScalametaParser.$anonfun$batchSource$1(ScalametaParser.scala:5145)
	at scala.meta.internal.parsers.ScalametaParser.atPos(ScalametaParser.scala:847)
	at scala.meta.internal.parsers.ScalametaParser.autoPos(ScalametaParser.scala:878)
	at scala.meta.internal.parsers.ScalametaParser.batchSource(ScalametaParser.scala:5111)
	at scala.meta.internal.parsers.ScalametaParser.$anonfun$source$1(ScalametaParser.scala:5094)
	at scala.meta.internal.parsers.ScalametaParser.atPos(ScalametaParser.scala:847)
	at scala.meta.internal.parsers.ScalametaParser.autoPos(ScalametaParser.scala:878)
	at scala.meta.internal.parsers.ScalametaParser.source(ScalametaParser.scala:5093)
	at scala.meta.internal.parsers.ScalametaParser.entrypointSource(ScalametaParser.scala:5099)
	at scala.meta.internal.parsers.ScalametaParser.$anonfun$parseSource$2(ScalametaParser.scala:143)
	at scala.meta.internal.parsers.ScalametaParser.parseRule(ScalametaParser.scala:53)
	at scala.meta.internal.parsers.ScalametaParser.parseSource(ScalametaParser.scala:143)
	at scala.meta.parsers.Parse$.$anonfun$parseSource$1(Parse.scala:29)
	at scala.meta.internal.parsers.ScalametaParser$$anon$261.apply(ScalametaParser.scala:5156)
	at scala.meta.parsers.Api$XtensionParseDialectInput.parse(Api.scala:25)
	at scala.meta.internal.semanticdb.scalac.ParseOps$XtensionCompilationUnitSource.toSource(ParseOps.scala:17)
	at scala.meta.internal.semanticdb.scalac.TextDocumentOps$XtensionCompilationUnitDocument.toTextDocument(TextDocumentOps.scala:201)
	at scala.meta.internal.pc.SemanticdbTextDocumentProvider.textDocument(SemanticdbTextDocumentProvider.scala:51)

Jul 09, 2021 12:49:40 AM scala.meta.internal.pc.CompilerAccess handleError
SEVERE: file%3A%2F%2F%2FUsers%2Fpraisetompane%2FDocuments%2F2_I_intend_to_be_a_great_computer_scientist%2F3_programming%2Fpractice_problems%2Funsolved%2Flatin-to-roman.scala:3: error: expected class or object definition val
val subtractRomans = Map(900 -> "CM",
^
file%3A%2F%2F%2FUsers%2Fpraisetompane%2FDocuments%2F2_I_intend_to_be_a_great_computer_scientist%2F3_programming%2Fpractice_problems%2Funsolved%2Flatin-to-roman.scala:3: error: expected class or object definition val
val subtractRomans = Map(900 -> "CM",
^
	at scala.meta.internal.parsers.Reporter.syntaxError(Reporter.scala:16)
	at scala.meta.internal.parsers.Reporter.syntaxError$(Reporter.scala:16)
	at scala.meta.internal.parsers.Reporter$$anon$1.syntaxError(Reporter.scala:22)
	at scala.meta.internal.parsers.Reporter.syntaxError(Reporter.scala:17)
	at scala.meta.internal.parsers.Reporter.syntaxError$(Reporter.scala:17)
	at scala.meta.internal.parsers.Reporter$$anon$1.syntaxError(Reporter.scala:22)
	at scala.meta.internal.parsers.ScalametaParser.statSeq(ScalametaParser.scala:4914)
	at scala.meta.internal.parsers.ScalametaParser.topStatSeq(ScalametaParser.scala:4921)
	at scala.meta.internal.parsers.ScalametaParser.$anonfun$batchSource$1(ScalametaParser.scala:5145)
	at scala.meta.internal.parsers.ScalametaParser.atPos(ScalametaParser.scala:847)
	at scala.meta.internal.parsers.ScalametaParser.autoPos(ScalametaParser.scala:878)
	at scala.meta.internal.parsers.ScalametaParser.batchSource(ScalametaParser.scala:5111)
	at scala.meta.internal.parsers.ScalametaParser.$anonfun$source$1(ScalametaParser.scala:5094)
	at scala.meta.internal.parsers.ScalametaParser.atPos(ScalametaParser.scala:847)
	at scala.meta.internal.parsers.ScalametaParser.autoPos(ScalametaParser.scala:878)
	at scala.meta.internal.parsers.ScalametaParser.source(ScalametaParser.scala:5093)
	at scala.meta.internal.parsers.ScalametaParser.entrypointSource(ScalametaParser.scala:5099)
	at scala.meta.internal.parsers.ScalametaParser.$anonfun$parseSource$2(ScalametaParser.scala:143)
	at scala.meta.internal.parsers.ScalametaParser.parseRule(ScalametaParser.scala:53)
	at scala.meta.internal.parsers.ScalametaParser.parseSource(ScalametaParser.scala:143)
	at scala.meta.parsers.Parse$.$anonfun$parseSource$1(Parse.scala:29)
	at scala.meta.internal.parsers.ScalametaParser$$anon$261.apply(ScalametaParser.scala:5156)
	at scala.meta.parsers.Api$XtensionParseDialectInput.parse(Api.scala:25)
	at scala.meta.internal.semanticdb.scalac.ParseOps$XtensionCompilationUnitSource.toSource(ParseOps.scala:17)
	at scala.meta.internal.semanticdb.scalac.TextDocumentOps$XtensionCompilationUnitDocument.toTextDocument(TextDocumentOps.scala:201)
	at scala.meta.internal.pc.SemanticdbTextDocumentProvider.textDocument(SemanticdbTextDocumentProvider.scala:51)

[0m2021.07.09 00:49:40 INFO  time: code lens generation in 4.28s[0m
Jul 09, 2021 12:49:40 AM scala.meta.internal.pc.CompilerAccess handleError
SEVERE: file%3A%2F%2F%2FUsers%2Fpraisetompane%2FDocuments%2F2_I_intend_to_be_a_great_computer_scientist%2F3_programming%2Fpractice_problems%2Funsolved%2Flatin-to-roman.scala:3: error: expected class or object definition val
val subtractRomans = Map(900 -> "CM",
^
file%3A%2F%2F%2FUsers%2Fpraisetompane%2FDocuments%2F2_I_intend_to_be_a_great_computer_scientist%2F3_programming%2Fpractice_problems%2Funsolved%2Flatin-to-roman.scala:3: error: expected class or object definition val
val subtractRomans = Map(900 -> "CM",
^
	at scala.meta.internal.parsers.Reporter.syntaxError(Reporter.scala:16)
	at scala.meta.internal.parsers.Reporter.syntaxError$(Reporter.scala:16)
	at scala.meta.internal.parsers.Reporter$$anon$1.syntaxError(Reporter.scala:22)
	at scala.meta.internal.parsers.Reporter.syntaxError(Reporter.scala:17)
	at scala.meta.internal.parsers.Reporter.syntaxError$(Reporter.scala:17)
	at scala.meta.internal.parsers.Reporter$$anon$1.syntaxError(Reporter.scala:22)
	at scala.meta.internal.parsers.ScalametaParser.statSeq(ScalametaParser.scala:4914)
	at scala.meta.internal.parsers.ScalametaParser.topStatSeq(ScalametaParser.scala:4921)
	at scala.meta.internal.parsers.ScalametaParser.$anonfun$batchSource$1(ScalametaParser.scala:5145)
	at scala.meta.internal.parsers.ScalametaParser.atPos(ScalametaParser.scala:847)
	at scala.meta.internal.parsers.ScalametaParser.autoPos(ScalametaParser.scala:878)
	at scala.meta.internal.parsers.ScalametaParser.batchSource(ScalametaParser.scala:5111)
	at scala.meta.internal.parsers.ScalametaParser.$anonfun$source$1(ScalametaParser.scala:5094)
	at scala.meta.internal.parsers.ScalametaParser.atPos(ScalametaParser.scala:847)
	at scala.meta.internal.parsers.ScalametaParser.autoPos(ScalametaParser.scala:878)
	at scala.meta.internal.parsers.ScalametaParser.source(ScalametaParser.scala:5093)
	at scala.meta.internal.parsers.ScalametaParser.entrypointSource(ScalametaParser.scala:5099)
	at scala.meta.internal.parsers.ScalametaParser.$anonfun$parseSource$2(ScalametaParser.scala:143)
	at scala.meta.internal.parsers.ScalametaParser.parseRule(ScalametaParser.scala:53)
	at scala.meta.internal.parsers.ScalametaParser.parseSource(ScalametaParser.scala:143)
	at scala.meta.parsers.Parse$.$anonfun$parseSource$1(Parse.scala:29)
	at scala.meta.internal.parsers.ScalametaParser$$anon$261.apply(ScalametaParser.scala:5156)
	at scala.meta.parsers.Api$XtensionParseDialectInput.parse(Api.scala:25)
	at scala.meta.internal.semanticdb.scalac.ParseOps$XtensionCompilationUnitSource.toSource(ParseOps.scala:17)
	at scala.meta.internal.semanticdb.scalac.TextDocumentOps$XtensionCompilationUnitDocument.toTextDocument(TextDocumentOps.scala:201)
	at scala.meta.internal.pc.SemanticdbTextDocumentProvider.textDocument(SemanticdbTextDocumentProvider.scala:51)

[0m2021.07.09 00:49:40 INFO  time: code lens generation in 4.34s[0m
